<?xml version="1.0" encoding="UTF-8"?>
<!-- Generated by org.testng.reporters.JUnitXMLReporter -->
<testsuite ignored="0" hostname="SRIMAMID-IN" failures="0" tests="3" name="exampletest1" time="51.242" errors="0" timestamp="16 Dec 2019 01:30:07 GMT">
  <testcase classname="com.crm.qa.testCases.HomePageTest" name="verifyHomePageTitle" time="0.034"/>
  <testcase classname="com.crm.qa.testCases.LoginPageTest" name="loginPageTitleTest" time="0.009"/>
  <testcase classname="com.crm.qa.testCases.LoginPageTest" name="loginTest" time="0.739"/>
</testsuite> <!-- exampletest1 -->
