<?xml version="1.0" encoding="UTF-8"?>
<testng-results ignored="0" total="3" passed="3" failed="0" skipped="0">
  <reporter-output>
  </reporter-output>
  <suite started-at="2019-12-16T01:29:15Z" name="Suite1" finished-at="2019-12-16T01:30:07Z" duration-ms="51242">
    <groups>
    </groups>
    <test started-at="2019-12-16T01:29:15Z" name="exampletest1" finished-at="2019-12-16T01:30:07Z" duration-ms="51242">
      <class name="com.crm.qa.testCases.HomePageTest">
        <test-method is-config="true" signature="setUp()[pri:0, instance:com.crm.qa.testCases.HomePageTest@3b938003]" started-at="2019-12-16T06:59:16Z" name="setUp" finished-at="2019-12-16T06:59:34Z" duration-ms="18098" status="PASS">
          <reporter-output>
          </reporter-output>
        </test-method> <!-- setUp -->
        <test-method signature="verifyHomePageTitle()[pri:0, instance:com.crm.qa.testCases.HomePageTest@3b938003]" started-at="2019-12-16T06:59:34Z" name="verifyHomePageTitle" finished-at="2019-12-16T06:59:34Z" duration-ms="34" status="PASS">
          <reporter-output>
          </reporter-output>
        </test-method> <!-- verifyHomePageTitle -->
        <test-method is-config="true" signature="tearDown()[pri:0, instance:com.crm.qa.testCases.HomePageTest@3b938003]" started-at="2019-12-16T06:59:34Z" name="tearDown" finished-at="2019-12-16T06:59:36Z" duration-ms="2827" status="PASS">
          <reporter-output>
          </reporter-output>
        </test-method> <!-- tearDown -->
      </class> <!-- com.crm.qa.testCases.HomePageTest -->
      <class name="com.crm.qa.testCases.LoginPageTest">
        <test-method is-config="true" signature="setUp()[pri:0, instance:com.crm.qa.testCases.LoginPageTest@6f3b5d16]" started-at="2019-12-16T06:59:36Z" name="setUp" finished-at="2019-12-16T06:59:48Z" duration-ms="11861" status="PASS">
          <reporter-output>
          </reporter-output>
        </test-method> <!-- setUp -->
        <test-method signature="loginPageTitleTest()[pri:0, instance:com.crm.qa.testCases.LoginPageTest@6f3b5d16]" started-at="2019-12-16T06:59:48Z" name="loginPageTitleTest" finished-at="2019-12-16T06:59:48Z" duration-ms="9" status="PASS">
          <reporter-output>
          </reporter-output>
        </test-method> <!-- loginPageTitleTest -->
        <test-method is-config="true" signature="tearDown()[pri:0, instance:com.crm.qa.testCases.LoginPageTest@6f3b5d16]" started-at="2019-12-16T06:59:48Z" name="tearDown" finished-at="2019-12-16T06:59:50Z" duration-ms="2145" status="PASS">
          <reporter-output>
          </reporter-output>
        </test-method> <!-- tearDown -->
        <test-method is-config="true" signature="setUp()[pri:0, instance:com.crm.qa.testCases.LoginPageTest@6f3b5d16]" started-at="2019-12-16T06:59:50Z" name="setUp" finished-at="2019-12-16T07:00:03Z" duration-ms="12521" status="PASS">
          <reporter-output>
          </reporter-output>
        </test-method> <!-- setUp -->
        <test-method signature="loginTest()[pri:0, instance:com.crm.qa.testCases.LoginPageTest@6f3b5d16]" started-at="2019-12-16T07:00:03Z" name="loginTest" finished-at="2019-12-16T07:00:04Z" duration-ms="739" status="PASS">
          <reporter-output>
          </reporter-output>
        </test-method> <!-- loginTest -->
        <test-method is-config="true" signature="tearDown()[pri:0, instance:com.crm.qa.testCases.LoginPageTest@6f3b5d16]" started-at="2019-12-16T07:00:04Z" name="tearDown" finished-at="2019-12-16T07:00:07Z" duration-ms="2980" status="PASS">
          <reporter-output>
          </reporter-output>
        </test-method> <!-- tearDown -->
      </class> <!-- com.crm.qa.testCases.LoginPageTest -->
    </test> <!-- exampletest1 -->
  </suite> <!-- Suite1 -->
</testng-results>
